<?xml version="1.0" encoding="UTF-8"?>
<testsuite name="com.example.admin.web.IndexControllerTest" tests="1" skipped="0" failures="0" errors="0" timestamp="2022-01-17T09:00:15" hostname="angnyonaneuliim" time="0.249">
  <properties/>
  <testcase name="메인페이지_로딩" classname="com.example.admin.web.IndexControllerTest" time="0.249"/>
  <system-out><![CDATA[2022-01-17 18:00:15.335  INFO 16318 --- [    Test worker] .b.t.c.SpringBootTestContextBootstrapper : Neither @ContextConfiguration nor @ContextHierarchy found for test class [com.example.admin.web.IndexControllerTest], using SpringBootContextLoader
2022-01-17 18:00:15.337  INFO 16318 --- [    Test worker] o.s.t.c.support.AbstractContextLoader    : Could not detect default resource locations for test class [com.example.admin.web.IndexControllerTest]: no resource found for suffixes {-context.xml, Context.groovy}.
2022-01-17 18:00:15.337  INFO 16318 --- [    Test worker] t.c.s.AnnotationConfigContextLoaderUtils : Could not detect default configuration classes for test class [com.example.admin.web.IndexControllerTest]: IndexControllerTest does not declare any static, non-private, non-final, nested classes annotated with @Configuration.
2022-01-17 18:00:15.341  INFO 16318 --- [    Test worker] .b.t.c.SpringBootTestContextBootstrapper : Found @SpringBootConfiguration com.example.admin.Application for test class com.example.admin.web.IndexControllerTest
2022-01-17 18:00:15.347  INFO 16318 --- [    Test worker] .b.t.c.SpringBootTestContextBootstrapper : Loaded default TestExecutionListener class names from location [META-INF/spring.factories]: [org.springframework.security.test.context.support.WithSecurityContextTestExecutionListener, org.springframework.security.test.context.support.ReactorContextTestExecutionListener, org.springframework.boot.test.autoconfigure.restdocs.RestDocsTestExecutionListener, org.springframework.boot.test.autoconfigure.web.client.MockRestServiceServerResetTestExecutionListener, org.springframework.boot.test.autoconfigure.web.servlet.MockMvcPrintOnlyOnFailureTestExecutionListener, org.springframework.boot.test.autoconfigure.web.servlet.WebDriverTestExecutionListener, org.springframework.boot.test.mock.mockito.MockitoTestExecutionListener, org.springframework.boot.test.mock.mockito.ResetMocksTestExecutionListener, org.springframework.test.context.web.ServletTestExecutionListener, org.springframework.test.context.support.DirtiesContextBeforeModesTestExecutionListener, org.springframework.test.context.support.DependencyInjectionTestExecutionListener, org.springframework.test.context.support.DirtiesContextTestExecutionListener, org.springframework.test.context.transaction.TransactionalTestExecutionListener, org.springframework.test.context.jdbc.SqlScriptsTestExecutionListener]
2022-01-17 18:00:15.348  INFO 16318 --- [    Test worker] .b.t.c.SpringBootTestContextBootstrapper : Using TestExecutionListeners: [org.springframework.test.context.web.ServletTestExecutionListener@44a4aee, org.springframework.test.context.support.DirtiesContextBeforeModesTestExecutionListener@774b0181, org.springframework.boot.test.mock.mockito.MockitoTestExecutionListener@77e9daa6, org.springframework.boot.test.autoconfigure.SpringBootDependencyInjectionTestExecutionListener@8d6ece2, org.springframework.test.context.support.DirtiesContextTestExecutionListener@5e1dca2c, org.springframework.test.context.transaction.TransactionalTestExecutionListener@71f59f67, org.springframework.test.context.jdbc.SqlScriptsTestExecutionListener@48f04715, org.springframework.security.test.context.support.WithSecurityContextTestExecutionListener@77fe0315, org.springframework.security.test.context.support.ReactorContextTestExecutionListener@4782fb6c, org.springframework.boot.test.autoconfigure.restdocs.RestDocsTestExecutionListener@1a514a5c, org.springframework.boot.test.autoconfigure.web.client.MockRestServiceServerResetTestExecutionListener@50536eec, org.springframework.boot.test.autoconfigure.web.servlet.MockMvcPrintOnlyOnFailureTestExecutionListener@57b23958, org.springframework.boot.test.autoconfigure.web.servlet.WebDriverTestExecutionListener@73be159, org.springframework.boot.test.mock.mockito.ResetMocksTestExecutionListener@17a84848]
2022-01-17 18:00:15.462  INFO 16318 --- [o-auto-1-exec-1] o.a.c.c.C.[Tomcat].[localhost].[/]       : Initializing Spring DispatcherServlet 'dispatcherServlet'
2022-01-17 18:00:15.466  INFO 16318 --- [o-auto-1-exec-1] o.s.web.servlet.DispatcherServlet        : Initializing Servlet 'dispatcherServlet'
2022-01-17 18:00:15.473  INFO 16318 --- [o-auto-1-exec-1] o.s.web.servlet.DispatcherServlet        : Completed initialization in 6 ms
Hibernate: select posts0_.id as id1_0_, posts0_.created_date as created_2_0_, posts0_.modified_date as modified3_0_, posts0_.author as author4_0_, posts0_.content as content5_0_, posts0_.title as title6_0_ from posts posts0_ order by posts0_.id DESC
]]></system-out>
  <system-err><![CDATA[]]></system-err>
</testsuite>
