<?xml version="1.0" encoding="UTF-8"?>
<testsuite name="com.example.admin.web.dto.HelloResponseDtoTest" tests="1" skipped="0" failures="0" errors="0" timestamp="2022-01-17T09:00:03" hostname="angnyonaneuliim" time="0.043">
  <properties/>
  <testcase name="롬복_기능_테스트" classname="com.example.admin.web.dto.HelloResponseDtoTest" time="0.043"/>
  <system-out><![CDATA[]]></system-out>
  <system-err><![CDATA[]]></system-err>
</testsuite>
