<?xml version="1.0" encoding="UTF-8"?>
<testsuite name="com.example.admin.domain.posts.PostsRepositoryTest" tests="2" skipped="0" failures="0" errors="0" timestamp="2022-01-17T09:00:17" hostname="angnyonaneuliim" time="0.061">
  <properties/>
  <testcase name="게시글저장_불러오기" classname="com.example.admin.domain.posts.PostsRepositoryTest" time="0.047"/>
  <testcase name="BaseTimeEntity_등록" classname="com.example.admin.domain.posts.PostsRepositoryTest" time="0.013"/>
  <system-out><![CDATA[2022-01-17 18:00:15.619  INFO 16318 --- [    Test worker] .b.t.c.SpringBootTestContextBootstrapper : Neither @ContextConfiguration nor @ContextHierarchy found for test class [com.example.admin.domain.posts.PostsRepositoryTest], using SpringBootContextLoader
2022-01-17 18:00:15.625  INFO 16318 --- [    Test worker] o.s.t.c.support.AbstractContextLoader    : Could not detect default resource locations for test class [com.example.admin.domain.posts.PostsRepositoryTest]: no resource found for suffixes {-context.xml, Context.groovy}.
2022-01-17 18:00:15.626  INFO 16318 --- [    Test worker] t.c.s.AnnotationConfigContextLoaderUtils : Could not detect default configuration classes for test class [com.example.admin.domain.posts.PostsRepositoryTest]: PostsRepositoryTest does not declare any static, non-private, non-final, nested classes annotated with @Configuration.
2022-01-17 18:00:15.668  INFO 16318 --- [    Test worker] .b.t.c.SpringBootTestContextBootstrapper : Found @SpringBootConfiguration com.example.admin.Application for test class com.example.admin.domain.posts.PostsRepositoryTest
2022-01-17 18:00:15.675  INFO 16318 --- [    Test worker] .b.t.c.SpringBootTestContextBootstrapper : Loaded default TestExecutionListener class names from location [META-INF/spring.factories]: [org.springframework.security.test.context.support.WithSecurityContextTestExecutionListener, org.springframework.security.test.context.support.ReactorContextTestExecutionListener, org.springframework.boot.test.autoconfigure.restdocs.RestDocsTestExecutionListener, org.springframework.boot.test.autoconfigure.web.client.MockRestServiceServerResetTestExecutionListener, org.springframework.boot.test.autoconfigure.web.servlet.MockMvcPrintOnlyOnFailureTestExecutionListener, org.springframework.boot.test.autoconfigure.web.servlet.WebDriverTestExecutionListener, org.springframework.boot.test.mock.mockito.MockitoTestExecutionListener, org.springframework.boot.test.mock.mockito.ResetMocksTestExecutionListener, org.springframework.test.context.web.ServletTestExecutionListener, org.springframework.test.context.support.DirtiesContextBeforeModesTestExecutionListener, org.springframework.test.context.support.DependencyInjectionTestExecutionListener, org.springframework.test.context.support.DirtiesContextTestExecutionListener, org.springframework.test.context.transaction.TransactionalTestExecutionListener, org.springframework.test.context.jdbc.SqlScriptsTestExecutionListener]
2022-01-17 18:00:15.676  INFO 16318 --- [    Test worker] .b.t.c.SpringBootTestContextBootstrapper : Using TestExecutionListeners: [org.springframework.test.context.web.ServletTestExecutionListener@22129795, org.springframework.test.context.support.DirtiesContextBeforeModesTestExecutionListener@402e1ad2, org.springframework.boot.test.mock.mockito.MockitoTestExecutionListener@52e915cb, org.springframework.boot.test.autoconfigure.SpringBootDependencyInjectionTestExecutionListener@375144d8, org.springframework.test.context.support.DirtiesContextTestExecutionListener@1c9c398, org.springframework.test.context.transaction.TransactionalTestExecutionListener@3181a1f9, org.springframework.test.context.jdbc.SqlScriptsTestExecutionListener@2b5cad4f, org.springframework.security.test.context.support.WithSecurityContextTestExecutionListener@16164b78, org.springframework.security.test.context.support.ReactorContextTestExecutionListener@590c8f21, org.springframework.boot.test.autoconfigure.restdocs.RestDocsTestExecutionListener@65be6390, org.springframework.boot.test.autoconfigure.web.client.MockRestServiceServerResetTestExecutionListener@2bc68cbd, org.springframework.boot.test.autoconfigure.web.servlet.MockMvcPrintOnlyOnFailureTestExecutionListener@faf4f36, org.springframework.boot.test.autoconfigure.web.servlet.WebDriverTestExecutionListener@32e7bc65, org.springframework.boot.test.mock.mockito.ResetMocksTestExecutionListener@24d3fb4a]

  .   ____          _            __ _ _
 /\\ / ___'_ __ _ _(_)_ __  __ _ \ \ \ \
( ( )\___ | '_ | '_| | '_ \/ _` | \ \ \ \
 \\/  ___)| |_)| | | | | || (_| |  ) ) ) )
  '  |____| .__|_| |_|_| |_\__, | / / / /
 =========|_|==============|___/=/_/_/_/
 :: Spring Boot ::        (v2.1.9.RELEASE)

2022-01-17 18:00:15.750  INFO 16318 --- [    Test worker] c.e.a.domain.posts.PostsRepositoryTest   : Starting PostsRepositoryTest on angnyonaneuliim with PID 16318 (started by young in /Users/young/IdeaProjects/freelac)
2022-01-17 18:00:15.751  INFO 16318 --- [    Test worker] c.e.a.domain.posts.PostsRepositoryTest   : The following profiles are active: oauth
2022-01-17 18:00:16.035  INFO 16318 --- [    Test worker] .s.d.r.c.RepositoryConfigurationDelegate : Bootstrapping Spring Data repositories in DEFAULT mode.
2022-01-17 18:00:16.066  INFO 16318 --- [    Test worker] .s.d.r.c.RepositoryConfigurationDelegate : Finished Spring Data repository scanning in 30ms. Found 2 repository interfaces.
2022-01-17 18:00:16.237  INFO 16318 --- [    Test worker] trationDelegate$BeanPostProcessorChecker : Bean 'org.springframework.transaction.annotation.ProxyTransactionManagementConfiguration' of type [org.springframework.transaction.annotation.ProxyTransactionManagementConfiguration$$EnhancerBySpringCGLIB$$f47641f5] is not eligible for getting processed by all BeanPostProcessors (for example: not eligible for auto-proxying)
2022-01-17 18:00:16.334  INFO 16318 --- [    Test worker] com.zaxxer.hikari.HikariDataSource       : HikariPool-2 - Starting...
2022-01-17 18:00:16.339  INFO 16318 --- [    Test worker] com.zaxxer.hikari.HikariDataSource       : HikariPool-2 - Start completed.
2022-01-17 18:00:16.368  INFO 16318 --- [    Test worker] o.hibernate.jpa.internal.util.LogHelper  : HHH000204: Processing PersistenceUnitInfo [
	name: default
	...]
2022-01-17 18:00:16.379  INFO 16318 --- [    Test worker] org.hibernate.dialect.Dialect            : HHH000400: Using dialect: org.hibernate.dialect.MySQL5Dialect
Hibernate: drop table if exists posts
Hibernate: drop table if exists user
Hibernate: create table posts (id bigint not null auto_increment, created_date datetime, modified_date datetime, author varchar(255), content Text not null, title varchar(500) not null, primary key (id)) engine=MyISAM
Hibernate: create table user (id bigint not null auto_increment, created_date datetime, modified_date datetime, email varchar(255) not null, name varchar(255) not null, picture varchar(255) not null, role varchar(255) not null, primary key (id)) engine=MyISAM
2022-01-17 18:00:16.477  INFO 16318 --- [    Test worker] o.h.t.schema.internal.SchemaCreatorImpl  : HHH000476: Executing import script 'org.hibernate.tool.schema.internal.exec.ScriptSourceInputNonExistentImpl@6d41b57'
2022-01-17 18:00:16.477  INFO 16318 --- [    Test worker] j.LocalContainerEntityManagerFactoryBean : Initialized JPA EntityManagerFactory for persistence unit 'default'
2022-01-17 18:00:16.725  INFO 16318 --- [    Test worker] o.h.h.i.QueryTranslatorFactoryInitiator  : HHH000397: Using ASTQueryTranslatorFactory
2022-01-17 18:00:16.890  INFO 16318 --- [    Test worker] o.s.s.web.DefaultSecurityFilterChain     : Creating filter chain: any request, [org.springframework.security.web.context.request.async.WebAsyncManagerIntegrationFilter@7b1f2e79, org.springframework.security.web.context.SecurityContextPersistenceFilter@a730244, org.springframework.security.web.header.HeaderWriterFilter@61d21522, org.springframework.security.web.authentication.logout.LogoutFilter@533ef182, org.springframework.security.oauth2.client.web.OAuth2AuthorizationRequestRedirectFilter@71e309e7, org.springframework.security.oauth2.client.web.OAuth2LoginAuthenticationFilter@5c1143a4, org.springframework.security.web.authentication.ui.DefaultLoginPageGeneratingFilter@414daacd, org.springframework.security.web.authentication.ui.DefaultLogoutPageGeneratingFilter@9d07013, org.springframework.security.web.savedrequest.RequestCacheAwareFilter@10907606, org.springframework.security.web.servletapi.SecurityContextHolderAwareRequestFilter@619a0a33, org.springframework.security.web.authentication.AnonymousAuthenticationFilter@6015fcff, org.springframework.security.web.session.SessionManagementFilter@5b2f6b16, org.springframework.security.web.access.ExceptionTranslationFilter@56999c10, org.springframework.security.web.access.intercept.FilterSecurityInterceptor@1e4465]
2022-01-17 18:00:17.241  INFO 16318 --- [    Test worker] o.s.s.concurrent.ThreadPoolTaskExecutor  : Initializing ExecutorService 'applicationTaskExecutor'
2022-01-17 18:00:17.252  WARN 16318 --- [    Test worker] aWebConfiguration$JpaWebMvcConfiguration : spring.jpa.open-in-view is enabled by default. Therefore, database queries may be performed during view rendering. Explicitly configure spring.jpa.open-in-view to disable this warning
2022-01-17 18:00:17.278  INFO 16318 --- [    Test worker] o.s.b.a.w.s.WelcomePageHandlerMapping    : Adding welcome page template: index
2022-01-17 18:00:17.530  INFO 16318 --- [    Test worker] s.a.ScheduledAnnotationBeanPostProcessor : No TaskScheduler/ScheduledExecutorService bean found for scheduled processing
2022-01-17 18:00:17.533  INFO 16318 --- [    Test worker] c.e.a.domain.posts.PostsRepositoryTest   : Started PostsRepositoryTest in 1.853 seconds (JVM running for 15.185)
Hibernate: insert into posts (created_date, modified_date, author, content, title) values (?, ?, ?, ?, ?)
Hibernate: select posts0_.id as id1_0_, posts0_.created_date as created_2_0_, posts0_.modified_date as modified3_0_, posts0_.author as author4_0_, posts0_.content as content5_0_, posts0_.title as title6_0_ from posts posts0_
Hibernate: select posts0_.id as id1_0_, posts0_.created_date as created_2_0_, posts0_.modified_date as modified3_0_, posts0_.author as author4_0_, posts0_.content as content5_0_, posts0_.title as title6_0_ from posts posts0_
Hibernate: delete from posts where id=?
Hibernate: insert into posts (created_date, modified_date, author, content, title) values (?, ?, ?, ?, ?)
Hibernate: select posts0_.id as id1_0_, posts0_.created_date as created_2_0_, posts0_.modified_date as modified3_0_, posts0_.author as author4_0_, posts0_.content as content5_0_, posts0_.title as title6_0_ from posts posts0_
>>>>>>>>> createDate=2022-01-17T18:00:17.607, modifiedDate=2022-01-17T18:00:17.607
Hibernate: select posts0_.id as id1_0_, posts0_.created_date as created_2_0_, posts0_.modified_date as modified3_0_, posts0_.author as author4_0_, posts0_.content as content5_0_, posts0_.title as title6_0_ from posts posts0_
Hibernate: delete from posts where id=?
]]></system-out>
  <system-err><![CDATA[]]></system-err>
</testsuite>
