<?xml version="1.0" encoding="UTF-8"?>
<testsuite name="com.example.admin.web.HelloControllerTest" tests="2" skipped="0" failures="0" errors="0" timestamp="2022-01-17T09:00:15" hostname="angnyonaneuliim" time="0.072">
  <properties/>
  <testcase name="hello가_리턴된다" classname="com.example.admin.web.HelloControllerTest" time="0.029"/>
  <testcase name="helloDto가_리턴된다" classname="com.example.admin.web.HelloControllerTest" time="0.041"/>
  <system-out><![CDATA[2022-01-17 18:00:13.810  INFO 16318 --- [    Test worker] .b.t.a.w.s.WebMvcTestContextBootstrapper : Neither @ContextConfiguration nor @ContextHierarchy found for test class [com.example.admin.web.HelloControllerTest], using SpringBootContextLoader
2022-01-17 18:00:13.811  INFO 16318 --- [    Test worker] o.s.t.c.support.AbstractContextLoader    : Could not detect default resource locations for test class [com.example.admin.web.HelloControllerTest]: no resource found for suffixes {-context.xml, Context.groovy}.
2022-01-17 18:00:13.812  INFO 16318 --- [    Test worker] t.c.s.AnnotationConfigContextLoaderUtils : Could not detect default configuration classes for test class [com.example.admin.web.HelloControllerTest]: HelloControllerTest does not declare any static, non-private, non-final, nested classes annotated with @Configuration.
2022-01-17 18:00:13.826  INFO 16318 --- [    Test worker] .b.t.c.SpringBootTestContextBootstrapper : Found @SpringBootConfiguration com.example.admin.Application for test class com.example.admin.web.HelloControllerTest
2022-01-17 18:00:13.827  INFO 16318 --- [    Test worker] .b.t.a.w.s.WebMvcTestContextBootstrapper : Loaded default TestExecutionListener class names from location [META-INF/spring.factories]: [org.springframework.security.test.context.support.WithSecurityContextTestExecutionListener, org.springframework.security.test.context.support.ReactorContextTestExecutionListener, org.springframework.boot.test.autoconfigure.restdocs.RestDocsTestExecutionListener, org.springframework.boot.test.autoconfigure.web.client.MockRestServiceServerResetTestExecutionListener, org.springframework.boot.test.autoconfigure.web.servlet.MockMvcPrintOnlyOnFailureTestExecutionListener, org.springframework.boot.test.autoconfigure.web.servlet.WebDriverTestExecutionListener, org.springframework.boot.test.mock.mockito.MockitoTestExecutionListener, org.springframework.boot.test.mock.mockito.ResetMocksTestExecutionListener, org.springframework.test.context.web.ServletTestExecutionListener, org.springframework.test.context.support.DirtiesContextBeforeModesTestExecutionListener, org.springframework.test.context.support.DependencyInjectionTestExecutionListener, org.springframework.test.context.support.DirtiesContextTestExecutionListener, org.springframework.test.context.transaction.TransactionalTestExecutionListener, org.springframework.test.context.jdbc.SqlScriptsTestExecutionListener]
2022-01-17 18:00:13.829  INFO 16318 --- [    Test worker] .b.t.a.w.s.WebMvcTestContextBootstrapper : Using TestExecutionListeners: [org.springframework.test.context.web.ServletTestExecutionListener@685ecb16, org.springframework.test.context.support.DirtiesContextBeforeModesTestExecutionListener@3f6da0f5, org.springframework.boot.test.mock.mockito.MockitoTestExecutionListener@11e40b14, org.springframework.boot.test.autoconfigure.SpringBootDependencyInjectionTestExecutionListener@517f16b2, org.springframework.test.context.support.DirtiesContextTestExecutionListener@4fe761f0, org.springframework.test.context.transaction.TransactionalTestExecutionListener@1d5f1af1, org.springframework.test.context.jdbc.SqlScriptsTestExecutionListener@2c520ee5, org.springframework.security.test.context.support.WithSecurityContextTestExecutionListener@531575b, org.springframework.security.test.context.support.ReactorContextTestExecutionListener@712d5eec, org.springframework.boot.test.autoconfigure.restdocs.RestDocsTestExecutionListener@14405aaa, org.springframework.boot.test.autoconfigure.web.client.MockRestServiceServerResetTestExecutionListener@28595be1, org.springframework.boot.test.autoconfigure.web.servlet.MockMvcPrintOnlyOnFailureTestExecutionListener@275d5a3e, org.springframework.boot.test.autoconfigure.web.servlet.WebDriverTestExecutionListener@3c1caa07, org.springframework.boot.test.mock.mockito.ResetMocksTestExecutionListener@2a9f3224]

  .   ____          _            __ _ _
 /\\ / ___'_ __ _ _(_)_ __  __ _ \ \ \ \
( ( )\___ | '_ | '_| | '_ \/ _` | \ \ \ \
 \\/  ___)| |_)| | | | | || (_| |  ) ) ) )
  '  |____| .__|_| |_|_| |_\__, | / / / /
 =========|_|==============|___/=/_/_/_/
 :: Spring Boot ::        (v2.1.9.RELEASE)

2022-01-17 18:00:13.903  INFO 16318 --- [    Test worker] c.example.admin.web.HelloControllerTest  : Starting HelloControllerTest on angnyonaneuliim with PID 16318 (started by young in /Users/young/IdeaProjects/freelac)
2022-01-17 18:00:13.903  INFO 16318 --- [    Test worker] c.example.admin.web.HelloControllerTest  : The following profiles are active: oauth
2022-01-17 18:00:14.660  INFO 16318 --- [    Test worker] o.s.s.concurrent.ThreadPoolTaskExecutor  : Initializing ExecutorService 'applicationTaskExecutor'
2022-01-17 18:00:14.715  INFO 16318 --- [    Test worker] o.s.b.a.w.s.WelcomePageHandlerMapping    : Adding welcome page template: index
2022-01-17 18:00:15.052  INFO 16318 --- [    Test worker] .s.s.UserDetailsServiceAutoConfiguration : 

Using generated security password: 513a53d7-2a9c-4f2c-abeb-5a5075c427f2

2022-01-17 18:00:15.170  INFO 16318 --- [    Test worker] o.s.s.web.DefaultSecurityFilterChain     : Creating filter chain: any request, [org.springframework.security.web.context.request.async.WebAsyncManagerIntegrationFilter@1f3cb015, org.springframework.security.web.context.SecurityContextPersistenceFilter@66834042, org.springframework.security.web.header.HeaderWriterFilter@4a5eeaf, org.springframework.security.web.csrf.CsrfFilter@d4bdfd4, org.springframework.security.web.authentication.logout.LogoutFilter@36b9afd0, org.springframework.security.web.authentication.UsernamePasswordAuthenticationFilter@760165da, org.springframework.security.web.authentication.ui.DefaultLoginPageGeneratingFilter@3ba19072, org.springframework.security.web.authentication.ui.DefaultLogoutPageGeneratingFilter@6d3a0d11, org.springframework.security.web.authentication.www.BasicAuthenticationFilter@68e87407, org.springframework.security.web.savedrequest.RequestCacheAwareFilter@5e731000, org.springframework.security.web.servletapi.SecurityContextHolderAwareRequestFilter@75884df7, org.springframework.security.web.authentication.AnonymousAuthenticationFilter@46d904fd, org.springframework.security.web.session.SessionManagementFilter@57432490, org.springframework.security.web.access.ExceptionTranslationFilter@596c2486, org.springframework.security.web.access.intercept.FilterSecurityInterceptor@139323fe]
2022-01-17 18:00:15.197  INFO 16318 --- [    Test worker] o.s.b.t.m.w.SpringBootMockServletContext : Initializing Spring TestDispatcherServlet ''
2022-01-17 18:00:15.200  INFO 16318 --- [    Test worker] o.s.t.web.servlet.TestDispatcherServlet  : Initializing Servlet ''
2022-01-17 18:00:15.203  INFO 16318 --- [    Test worker] o.s.t.web.servlet.TestDispatcherServlet  : Completed initialization in 2 ms
2022-01-17 18:00:15.245  INFO 16318 --- [    Test worker] c.example.admin.web.HelloControllerTest  : Started HelloControllerTest in 1.407 seconds (JVM running for 12.897)
]]></system-out>
  <system-err><![CDATA[]]></system-err>
</testsuite>
